-------------------------------------------------------------------------------
Test set: com.mycompany.pprog_tp3.Model.ListaDisponibilidadeDiariaTest
-------------------------------------------------------------------------------
Tests run: 1, Failures: 1, Errors: 0, Skipped: 0, Time elapsed: 0.001 sec <<< FAILURE! - in com.mycompany.pprog_tp3.Model.ListaDisponibilidadeDiariaTest
testSomeMethod(com.mycompany.pprog_tp3.Model.ListaDisponibilidadeDiariaTest)  Time elapsed: 0 sec  <<< FAILURE!
java.lang.AssertionError: The test case is a prototype.
	at org.junit.Assert.fail(Assert.java:88)
	at com.mycompany.pprog_tp3.Model.ListaDisponibilidadeDiariaTest.testSomeMethod(ListaDisponibilidadeDiariaTest.java:61)

