<?xml version="1.0" encoding="UTF-8"?>
<testsuite name="com.mycompany.pprog_tp3.Model.EmpresaTest" time="0.021" tests="11" errors="2" skipped="0" failures="3">
  <properties>
[...]
</properties>
  <testcase name="testGetLstClientes" classname="com.mycompany.pprog_tp3.Model.EmpresaTest" time="0.001">
    <failure message="expected:&lt;null&gt; but was:&lt;[]&gt;" type="java.lang.AssertionError"><![CDATA[java.lang.AssertionError: expected:<null> but was:<[]>
	at org.junit.Assert.fail(Assert.java:88)
	at org.junit.Assert.failNotEquals(Assert.java:743)
	at org.junit.Assert.assertEquals(Assert.java:118)
	at org.junit.Assert.assertEquals(Assert.java:144)
	at com.mycompany.pprog_tp3.Model.EmpresaTest.testGetLstClientes(EmpresaTest.java:121)
]]></failure>
    <system-out><![CDATA[getLstClientes
]]></system-out>
  </testcase>
  <testcase name="testSetDesignacao" classname="com.mycompany.pprog_tp3.Model.EmpresaTest" time="0.003"/>
  <testcase name="testToString" classname="com.mycompany.pprog_tp3.Model.EmpresaTest" time="0.001"/>
  <testcase name="testSetLstClientes" classname="com.mycompany.pprog_tp3.Model.EmpresaTest" time="0.001">
    <failure message="The test case is a prototype." type="java.lang.AssertionError">java.lang.AssertionError: The test case is a prototype.
	at org.junit.Assert.fail(Assert.java:88)
	at com.mycompany.pprog_tp3.Model.EmpresaTest.testSetLstClientes(EmpresaTest.java:135)
</failure>
    <system-out><![CDATA[setLstClientes
]]></system-out>
  </testcase>
  <testcase name="testSetLstPrestadoresServico" classname="com.mycompany.pprog_tp3.Model.EmpresaTest" time="0.001">
    <failure message="The test case is a prototype." type="java.lang.AssertionError">java.lang.AssertionError: The test case is a prototype.
	at org.junit.Assert.fail(Assert.java:88)
	at com.mycompany.pprog_tp3.Model.EmpresaTest.testSetLstPrestadoresServico(EmpresaTest.java:110)
</failure>
    <system-out><![CDATA[setLstPrestadoresServico
]]></system-out>
  </testcase>
  <testcase name="testAddPrestadorServico" classname="com.mycompany.pprog_tp3.Model.EmpresaTest" time="0.003">
    <error type="java.lang.NullPointerException:">java.lang.NullPointerException: null
	at com.mycompany.pprog_tp3.Model.Empresa.addPrestadorServico(Empresa.java:171)
	at com.mycompany.pprog_tp3.Model.EmpresaTest.testAddPrestadorServico(EmpresaTest.java:156)
</error>
    <system-out><![CDATA[addPrestadorServico
]]></system-out>
  </testcase>
  <testcase name="testGetNif" classname="com.mycompany.pprog_tp3.Model.EmpresaTest" time="0.001"/>
  <testcase name="testGetLstPrestadoresServico" classname="com.mycompany.pprog_tp3.Model.EmpresaTest" time="0"/>
  <testcase name="testGetDesignacao" classname="com.mycompany.pprog_tp3.Model.EmpresaTest" time="0.002"/>
  <testcase name="testSetNif" classname="com.mycompany.pprog_tp3.Model.EmpresaTest" time="0.005"/>
  <testcase name="testAddCliente" classname="com.mycompany.pprog_tp3.Model.EmpresaTest" time="0.003">
    <error type="java.lang.NullPointerException:">java.lang.NullPointerException: null
	at com.mycompany.pprog_tp3.Model.Empresa.addCliente(Empresa.java:182)
	at com.mycompany.pprog_tp3.Model.EmpresaTest.testAddCliente(EmpresaTest.java:167)
</error>
    <system-out><![CDATA[addCliente
]]></system-out>
  </testcase>
</testsuite>